\BOOKMARK [1][-]{section.1}{\376\377\225\356\230\230\221\315\217\360}{}% 1
\BOOKMARK [2][-]{subsection.1.1}{\376\377\225\356\230\230\200\314\146\157}{section.1}% 2
\BOOKMARK [2][-]{subsection.1.2}{\376\377\225\356\230\230\166\204\143\320\121\372}{section.1}% 3
\BOOKMARK [1][-]{section.2}{\376\377\225\356\230\230\122\006\147\220}{}% 4
\BOOKMARK [2][-]{subsection.2.1}{\376\377\225\356\230\230\116\000\166\204\122\006\147\220}{section.2}% 5
\BOOKMARK [2][-]{subsection.2.2}{\376\377\225\356\230\230\116\214\166\204\122\006\147\220}{section.2}% 6
\BOOKMARK [2][-]{subsection.2.3}{\376\377\225\356\230\230\116\011\166\204\122\006\147\220}{section.2}% 7
\BOOKMARK [1][-]{section.3}{\376\377\152\041\127\213\120\107\213\276}{}% 8
\BOOKMARK [1][-]{section.4}{\376\377\173\046\123\367\213\364\146\016}{}% 9
\BOOKMARK [1][-]{section.5}{\376\377\225\356\230\230\116\000\166\204\136\372\152\041\116\016\154\102\211\343}{}% 10
\BOOKMARK [2][-]{subsection.5.1}{\376\377\152\041\127\213\220\011\142\351\116\016\136\372\152\041\140\035\215\357}{section.5}% 11
\BOOKMARK [2][-]{subsection.5.2}{\376\377\127\120\150\007\174\373\136\372\172\313\116\016\127\006\147\361\227\142\123\302\145\160\123\026}{section.5}% 12
\BOOKMARK [2][-]{subsection.5.3}{\376\377\123\315\134\004\146\040\134\004\166\204\211\343\147\220\143\250\133\374}{section.5}% 13
\BOOKMARK [2][-]{subsection.5.4}{\376\377\225\134\227\142\123\357\211\306\123\072\127\337\166\204\170\156\133\232}{section.5}% 14
\BOOKMARK [2][-]{subsection.5.5}{\376\377\225\134\227\142\126\376\150\110\122\060\176\270\227\142\126\376\150\110\166\204\123\330\143\142\173\227\154\325}{section.5}% 15
\BOOKMARK [2][-]{subsection.5.6}{\376\377\127\006\147\361\123\302\145\160\117\030\123\026\152\041\127\213}{section.5}% 16
\BOOKMARK [2][-]{subsection.5.7}{\376\377\126\376\0003\213\276\213\241\145\271\150\110}{section.5}% 17
\BOOKMARK [2][-]{subsection.5.8}{\376\377\126\376\0004\213\276\213\241\145\271\150\110}{section.5}% 18
\BOOKMARK [2][-]{subsection.5.9}{\376\377\225\356\230\230\116\000\176\323\213\272}{section.5}% 19
\BOOKMARK [1][-]{section.6}{\376\377\225\356\230\230\116\214\166\204\136\372\152\041\116\016\154\102\211\343}{}% 20
\BOOKMARK [2][-]{subsection.6.1}{\376\377\116\316\165\037\142\020\122\060\213\355\116\111\377\032\123\314\147\011\141\017\116\111\213\276\213\241\166\204\213\301\143\156\150\106\147\266}{section.6}% 21
\BOOKMARK [2][-]{subsection.6.2}{\376\377\123\314\166\356\211\302\133\337\121\340\117\125\116\016\141\037\167\345\172\063\133\232\140\047}{section.6}% 22
\BOOKMARK [2][-]{subsection.6.3}{\376\377\225\356\230\230\000\040\0002\000\050\000a\000\051\377\032\225\134\227\142\126\376\120\317\147\052\143\007\133\232\145\366\166\204\123\314\147\011\141\017\116\111\213\276\213\241}{section.6}% 23
\BOOKMARK [2][-]{subsection.6.4}{\376\377\225\356\230\230\000\040\0002\000\050\000b\000\051\377\032\225\134\227\142\126\376\120\317\143\007\133\232\145\366\166\204\176\270\227\142\213\355\116\111\117\335\143\001}{section.6}% 24
\BOOKMARK [2][-]{subsection.6.5}{\376\377\225\356\230\230\116\214\176\323\213\272}{section.6}% 25
\BOOKMARK [1][-]{section.7}{\376\377\225\356\230\230\116\011\166\204\136\372\152\041\116\016\154\102\211\343}{}% 26
\BOOKMARK [2][-]{subsection.7.1}{\376\377\116\316\123\314\124\021\123\357\217\250\213\306\122\060\217\321\117\074\121\174\133\271\140\047\122\044\133\232}{section.7}% 27
\BOOKMARK [2][-]{subsection.7.2}{\376\377\121\174\133\271\140\047\143\007\150\007\166\204\126\333\176\364\147\204\220\040}{section.7}% 28
\BOOKMARK [2][-]{subsection.7.3}{\376\377\121\174\133\271\140\047\166\370\126\376\116\016\160\355\122\233\126\376\166\204\123\314\221\315\213\301\143\156}{section.7}% 29
\BOOKMARK [2][-]{subsection.7.4}{\376\377\116\343\210\150\140\047\150\110\117\213\166\204\174\173\122\053\211\343\213\373}{section.7}% 30
\BOOKMARK [2][-]{subsection.7.5}{\376\377\225\356\230\230\116\011\166\204\213\276\213\241\121\306\122\031}{section.7}% 31
\BOOKMARK [2][-]{subsection.7.6}{\376\377\225\356\230\230\116\011\176\323\213\272}{section.7}% 32
\BOOKMARK [2][-]{subsection.7.7}{\376\377\172\172\225\364\133\236\232\214\127\072\146\157\124\010\142\020\123\357\211\306\123\026}{section.7}% 33
\BOOKMARK [1][-]{section.8}{\376\377\160\165\145\117\136\246\122\006\147\220\116\016\152\041\127\213\150\300\232\214}{}% 34
\BOOKMARK [2][-]{subsection.8.1}{\376\377\225\134\227\142\126\376\120\317\221\315\136\372\232\214\213\301}{section.8}% 35
\BOOKMARK [2][-]{subsection.8.2}{\376\377\120\031\220\011\121\340\117\125\221\115\177\156\147\103\210\141\122\006\147\220}{section.8}% 36
\BOOKMARK [2][-]{subsection.8.3}{\376\377\123\125\123\302\145\160\160\165\145\117\136\246\122\006\147\220}{section.8}% 37
\BOOKMARK [2][-]{subsection.8.4}{\376\377\160\165\145\117\136\246\122\006\147\220\176\323\213\272}{section.8}% 38
\BOOKMARK [1][-]{section.9}{\376\377\152\041\127\213\213\304\116\367\116\016\143\250\136\177}{}% 39
\BOOKMARK [2][-]{subsection.9.1}{\376\377\152\041\127\213\117\030\160\271}{section.9}% 40
\BOOKMARK [2][-]{subsection.9.2}{\376\377\152\041\127\213\134\100\226\120\140\047}{section.9}% 41
\BOOKMARK [2][-]{subsection.9.3}{\376\377\152\041\127\213\143\250\136\177}{section.9}% 42
\BOOKMARK [1][-]{appendix.a.A}{\376\377\150\070\137\303\173\227\154\325\117\052\116\343\170\001}{}% 43
\BOOKMARK [1][-]{appendix.a.B}{\376\377\000P\000y\000t\000h\000o\000n\000\040\133\236\163\260\116\343\170\001}{}% 44
\BOOKMARK [2][-]{subsection.a.B.1}{\376\377\123\330\137\142\126\376\150\110\165\037\142\020\116\073\172\013\136\217}{appendix.a.B}% 45
\BOOKMARK [2][-]{subsection.a.B.2}{\376\377\122\006\147\220\116\016\123\357\211\306\123\026\172\013\136\217}{appendix.a.B}% 46
\BOOKMARK [1][-]{appendix.a.C}{\376\377\145\057\144\221\147\120\145\231\156\005\123\125}{}% 47
