This is XeTeX, Version 3.141592653-2.6-0.999995 (MiKTeX 23.5) (preloaded format=xelatex 2023.8.26)  21 JUL 2024 18:14
entering extended mode
 restricted \write18 enabled.
 %&-line parsing enabled.
**./国赛.tex
(国赛.tex
LaTeX2e <2023-06-01> patch level 1
L3 programming layer <2023-08-11>
(C:\CTEX\MiKTeX\tex/latex/ctex\ctexart.cls
(C:\CTEX\MiKTeX\tex/latex/ctex/config\ctexbackend.cfg
File: ctexbackend.cfg 2022/07/14 v2.5.10 Backend configuration file (CTEX)
)
(C:\CTEX\MiKTeX\tex/latex/l3kernel\expl3.sty
Package: expl3 2023-08-11 L3 programming layer (loader) 

(C:\CTEX\MiKTeX\tex/latex/l3backend\l3backend-xetex.def
File: l3backend-xetex.def 2023-04-19 L3 backend support: XeTeX
\g__graphics_track_int=\count181
\l__pdf_internal_box=\box51
\g__pdf_backend_object_int=\count182
\g__pdf_backend_annotation_int=\count183
\g__pdf_backend_link_int=\count184
))
Document Class: ctexart 2022/07/14 v2.5.10 Chinese adapter for class article (C
TEX)
(C:\CTEX\MiKTeX\tex/latex/ctex\ctexhook.sty
Package: ctexhook 2022/07/14 v2.5.10 Document and package hooks (CTEX)
)
(C:\CTEX\MiKTeX\tex/latex/ctex\ctexpatch.sty
Package: ctexpatch 2022/07/14 v2.5.10 Patching commands (CTEX)
)
(C:\CTEX\MiKTeX\tex/latex/base\fix-cm.sty
Package: fix-cm 2020/11/24 v1.1t fixes to LaTeX

(C:\CTEX\MiKTeX\tex/latex/base\ts1enc.def
File: ts1enc.def 2001/06/05 v3.0e (jk/car/fm) Standard LaTeX file
LaTeX Font Info:    Redeclaring font encoding TS1 on input line 47.
))
\l__ctex_tmp_int=\count185
\l__ctex_tmp_box=\box52
\l__ctex_tmp_dim=\dimen140
\g__ctex_section_depth_int=\count186
\g__ctex_font_size_int=\count187

(C:\CTEX\CTeX\tex/latex/ctex/cfg\ctexopts.cfg)
(C:\CTEX\MiKTeX\tex/latex/base\article.cls
Document Class: article 2023/05/17 v1.4n Standard LaTeX document class
(C:\CTEX\MiKTeX\tex/latex/base\size12.clo
File: size12.clo 2023/05/17 v1.4n Standard LaTeX file (size option)
)
\c@part=\count188
\c@section=\count189
\c@subsection=\count190
\c@subsubsection=\count191
\c@paragraph=\count192
\c@subparagraph=\count193
\c@figure=\count194
\c@table=\count195
\abovecaptionskip=\skip48
\belowcaptionskip=\skip49
\bibindent=\dimen141
)
(C:\CTEX\MiKTeX\tex/latex/ctex/engine\ctex-engine-xetex.def
File: ctex-engine-xetex.def 2022/07/14 v2.5.10 XeLaTeX adapter (CTEX)

(C:\CTEX\MiKTeX\tex/xelatex/xecjk\xeCJK.sty
Package: xeCJK 2022/08/05 v3.9.1 Typesetting CJK scripts with XeLaTeX

(C:\CTEX\MiKTeX\tex/latex/l3packages/xtemplate\xtemplate.sty
Package: xtemplate 2023-02-02 L3 Experimental prototype document functions
\l__xtemplate_tmp_dim=\dimen142
\l__xtemplate_tmp_int=\count196
\l__xtemplate_tmp_muskip=\muskip16
\l__xtemplate_tmp_skip=\skip50
)
\l__xeCJK_tmp_int=\count197
\l__xeCJK_tmp_box=\box53
\l__xeCJK_tmp_dim=\dimen143
\l__xeCJK_tmp_skip=\skip51
\g__xeCJK_space_factor_int=\count198
\l__xeCJK_begin_int=\count199
\l__xeCJK_end_int=\count266
\c__xeCJK_CJK_class_int=\XeTeXcharclass1
\c__xeCJK_FullLeft_class_int=\XeTeXcharclass2
\c__xeCJK_FullRight_class_int=\XeTeXcharclass3
\c__xeCJK_HalfLeft_class_int=\XeTeXcharclass4
\c__xeCJK_HalfRight_class_int=\XeTeXcharclass5
\c__xeCJK_NormalSpace_class_int=\XeTeXcharclass6
\c__xeCJK_CM_class_int=\XeTeXcharclass7
\c__xeCJK_HangulJamo_class_int=\XeTeXcharclass8
\l__xeCJK_last_skip=\skip52
\c__xeCJK_none_node=\count267
\g__xeCJK_node_int=\count268
\c__xeCJK_CJK_node_dim=\dimen144
\c__xeCJK_CJK-space_node_dim=\dimen145
\c__xeCJK_default_node_dim=\dimen146
\c__xeCJK_CJK-widow_node_dim=\dimen147
\c__xeCJK_normalspace_node_dim=\dimen148
\c__xeCJK_default-space_node_skip=\skip53
\l__xeCJK_ccglue_skip=\skip54
\l__xeCJK_ecglue_skip=\skip55
\l__xeCJK_punct_kern_skip=\skip56
\l__xeCJK_indent_box=\box54
\l__xeCJK_last_penalty_int=\count269
\l__xeCJK_last_bound_dim=\dimen149
\l__xeCJK_last_kern_dim=\dimen150
\l__xeCJK_widow_penalty_int=\count270

Package xtemplate Info: Declaring object type 'xeCJK/punctuation' taking 0
(xtemplate)             argument(s) on line 2396.

\l__xeCJK_fixed_punct_width_dim=\dimen151
\l__xeCJK_mixed_punct_width_dim=\dimen152
\l__xeCJK_middle_punct_width_dim=\dimen153
\l__xeCJK_fixed_margin_width_dim=\dimen154
\l__xeCJK_mixed_margin_width_dim=\dimen155
\l__xeCJK_middle_margin_width_dim=\dimen156
\l__xeCJK_bound_punct_width_dim=\dimen157
\l__xeCJK_bound_margin_width_dim=\dimen158
\l__xeCJK_margin_minimum_dim=\dimen159
\l__xeCJK_kerning_total_width_dim=\dimen160
\l__xeCJK_same_align_margin_dim=\dimen161
\l__xeCJK_different_align_margin_dim=\dimen162
\l__xeCJK_kerning_margin_width_dim=\dimen163
\l__xeCJK_kerning_margin_minimum_dim=\dimen164
\l__xeCJK_bound_dim=\dimen165
\l__xeCJK_reverse_bound_dim=\dimen166
\l__xeCJK_margin_dim=\dimen167
\l__xeCJK_minimum_bound_dim=\dimen168
\l__xeCJK_kerning_margin_dim=\dimen169
\g__xeCJK_family_int=\count271
\l__xeCJK_fam_int=\count272
\g__xeCJK_fam_allocation_int=\count273
\l__xeCJK_verb_case_int=\count274
\l__xeCJK_verb_exspace_skip=\skip57

(C:\CTEX\MiKTeX\tex/latex/fontspec\fontspec.sty
(C:\CTEX\MiKTeX\tex/latex/l3packages/xparse\xparse.sty
Package: xparse 2023-02-02 L3 Experimental document command parser
)
Package: fontspec 2022/01/15 v2.8a Font selection for XeLaTeX and LuaLaTeX

(C:\CTEX\MiKTeX\tex/latex/fontspec\fontspec-xetex.sty
Package: fontspec-xetex 2022/01/15 v2.8a Font selection for XeLaTeX and LuaLaTe
X
\l__fontspec_script_int=\count275
\l__fontspec_language_int=\count276
\l__fontspec_strnum_int=\count277
\l__fontspec_tmp_int=\count278
\l__fontspec_tmpa_int=\count279
\l__fontspec_tmpb_int=\count280
\l__fontspec_tmpc_int=\count281
\l__fontspec_em_int=\count282
\l__fontspec_emdef_int=\count283
\l__fontspec_strong_int=\count284
\l__fontspec_strongdef_int=\count285
\l__fontspec_tmpa_dim=\dimen170
\l__fontspec_tmpb_dim=\dimen171
\l__fontspec_tmpc_dim=\dimen172

(C:\CTEX\MiKTeX\tex/latex/base\fontenc.sty
Package: fontenc 2021/04/29 v2.0v Standard LaTeX package
)
(C:\CTEX\MiKTeX\tex/latex/fontspec\fontspec.cfg)))
(C:\CTEX\MiKTeX\tex/xelatex/xecjk\xeCJK.cfg
File: xeCJK.cfg 2022/08/05 v3.9.1 Configuration file for xeCJK package
))
\ccwd=\dimen173
\l__ctex_ccglue_skip=\skip58
)
\l__ctex_ziju_dim=\dimen174

(C:\CTEX\MiKTeX\tex/latex/zhnumber\zhnumber.sty
Package: zhnumber 2022/07/14 v3.0 Typesetting numbers with Chinese glyphs
\l__zhnum_scale_int=\count286
\l__zhnum_tmp_int=\count287

(C:\CTEX\MiKTeX\tex/latex/zhnumber\zhnumber-utf8.cfg
File: zhnumber-utf8.cfg 2022/07/14 v3.0 Chinese numerals with UTF8 encoding
))
\l__ctex_heading_skip=\skip59

(C:\CTEX\MiKTeX\tex/latex/ctex/scheme\ctex-scheme-chinese-article.def
File: ctex-scheme-chinese-article.def 2022/07/14 v2.5.10 Chinese scheme for art
icle (CTEX)

(C:\CTEX\MiKTeX\tex/latex/ctex/config\ctex-name-utf8.cfg
File: ctex-name-utf8.cfg 2022/07/14 v2.5.10 Caption with encoding UTF-8 (CTEX)
))
(C:\CTEX\MiKTeX\tex/latex/ctex/fontset\ctex-fontset-windows.def
File: ctex-fontset-windows.def 2022/07/14 v2.5.10 Windows fonts definition (CTE
X)

Package fontspec Info: Could not resolve font "KaiTi/B" (it probably doesn't
(fontspec)             exist).


Package fontspec Info: Could not resolve font "SimHei/I" (it probably doesn't
(fontspec)             exist).


Package fontspec Info: Could not resolve font "SimSun/BI" (it probably doesn't
(fontspec)             exist).


Package fontspec Info: Font family 'SimSun(0)' created for font 'SimSun' with
(fontspec)             options
(fontspec)             [Script={CJK},BoldFont={SimHei},ItalicFont={KaiTi}].
(fontspec)              
(fontspec)              This font family consists of the following NFSS
(fontspec)             series/shapes:
(fontspec)              
(fontspec)             - 'normal' (m/n) with NFSS spec.:
(fontspec)             <->"SimSun/OT:script=hani;language=dflt;"
(fontspec)             - 'small caps'  (m/sc) with NFSS spec.: 
(fontspec)             - 'bold' (b/n) with NFSS spec.:
(fontspec)             <->"SimHei/OT:script=hani;language=dflt;"
(fontspec)             - 'bold small caps'  (b/sc) with NFSS spec.: 
(fontspec)             - 'italic' (m/it) with NFSS spec.:
(fontspec)             <->"KaiTi/OT:script=hani;language=dflt;"
(fontspec)             - 'italic small caps'  (m/scit) with NFSS spec.: 

))
(C:\CTEX\MiKTeX\tex/latex/ctex/config\ctex.cfg
File: ctex.cfg 2022/07/14 v2.5.10 Configuration file (CTEX)
)
(C:\CTEX\MiKTeX\tex/latex/paralist\paralist.sty
Package: paralist 2017/01/22 v2.7 Extended list environments
\pltopsep=\skip60
\plpartopsep=\skip61
\plitemsep=\skip62
\plparsep=\skip63
\pl@lab=\toks17
)
(C:\CTEX\MiKTeX\tex/latex/lipsum\lipsum.sty
(C:\CTEX\MiKTeX\tex/latex/l3packages/l3keys2e\l3keys2e.sty
Package: l3keys2e 2023-02-02 LaTeX2e option processing using LaTeX3 keys
)
Package: lipsum 2021-09-20 v2.7 150 paragraphs of Lorem Ipsum dummy text
\g__lipsum_par_int=\count288
\l__lipsum_a_int=\count289
\l__lipsum_b_int=\count290

(C:\CTEX\MiKTeX\tex/latex/lipsum\lipsum.ltd.tex))
(C:\CTEX\MiKTeX\tex/latex/type1cm\type1cm.sty
Package: type1cm 2002/09/05 v0.04 BlueSky/Y&Y Type1 CM font definitions (DPC, p
atched RF)
)
(C:\CTEX\MiKTeX\tex/latex/amsmath\amsmath.sty
Package: amsmath 2023/05/13 v2.17o AMS math features
\@mathmargin=\skip64

For additional information on amsmath, use the `?' option.
(C:\CTEX\MiKTeX\tex/latex/amsmath\amstext.sty
Package: amstext 2021/08/26 v2.01 AMS text

(C:\CTEX\MiKTeX\tex/latex/amsmath\amsgen.sty
File: amsgen.sty 1999/11/30 v2.0 generic functions
\@emptytoks=\toks18
\ex@=\dimen175
))
(C:\CTEX\MiKTeX\tex/latex/amsmath\amsbsy.sty
Package: amsbsy 1999/11/29 v1.2d Bold Symbols
\pmbraise@=\dimen176
)
(C:\CTEX\MiKTeX\tex/latex/amsmath\amsopn.sty
Package: amsopn 2022/04/08 v2.04 operator names
)
\inf@bad=\count291
LaTeX Info: Redefining \frac on input line 234.
\uproot@=\count292
\leftroot@=\count293
LaTeX Info: Redefining \overline on input line 399.
LaTeX Info: Redefining \colon on input line 410.
\classnum@=\count294
\DOTSCASE@=\count295
LaTeX Info: Redefining \ldots on input line 496.
LaTeX Info: Redefining \dots on input line 499.
LaTeX Info: Redefining \cdots on input line 620.
\Mathstrutbox@=\box55
\strutbox@=\box56
LaTeX Info: Redefining \big on input line 722.
LaTeX Info: Redefining \Big on input line 723.
LaTeX Info: Redefining \bigg on input line 724.
LaTeX Info: Redefining \Bigg on input line 725.
\big@size=\dimen177
LaTeX Font Info:    Redeclaring font encoding OML on input line 743.
LaTeX Font Info:    Redeclaring font encoding OMS on input line 744.
\macc@depth=\count296
LaTeX Info: Redefining \bmod on input line 905.
LaTeX Info: Redefining \pmod on input line 910.
LaTeX Info: Redefining \smash on input line 940.
LaTeX Info: Redefining \relbar on input line 970.
LaTeX Info: Redefining \Relbar on input line 971.
\c@MaxMatrixCols=\count297
\dotsspace@=\muskip17
\c@parentequation=\count298
\dspbrk@lvl=\count299
\tag@help=\toks19
\row@=\count300
\column@=\count301
\maxfields@=\count302
\andhelp@=\toks20
\eqnshift@=\dimen178
\alignsep@=\dimen179
\tagshift@=\dimen180
\tagwidth@=\dimen181
\totwidth@=\dimen182
\lineht@=\dimen183
\@envbody=\toks21
\multlinegap=\skip65
\multlinetaggap=\skip66
\mathdisplay@stack=\toks22
LaTeX Info: Redefining \[ on input line 2953.
LaTeX Info: Redefining \] on input line 2954.
)
(C:\CTEX\MiKTeX\tex/latex/amsfonts\amsfonts.sty
Package: amsfonts 2013/01/14 v3.01 Basic AMSFonts support
\symAMSa=\mathgroup4
\symAMSb=\mathgroup5
LaTeX Font Info:    Redeclaring math symbol \hbar on input line 98.
LaTeX Font Info:    Overwriting math alphabet `\mathfrak' in version `bold'
(Font)                  U/euf/m/n --> U/euf/b/n on input line 106.
)
(C:\CTEX\MiKTeX\tex/latex/amsfonts\amssymb.sty
Package: amssymb 2013/01/14 v3.01 AMS font symbols
)
(C:\CTEX\MiKTeX\tex/latex/hyperref\hyperref.sty
Package: hyperref 2023-07-08 v7.01b Hypertext links for LaTeX

(C:\CTEX\MiKTeX\tex/generic/ltxcmds\ltxcmds.sty
Package: ltxcmds 2020-05-10 v1.25 LaTeX kernel commands for general use (HO)
)
(C:\CTEX\MiKTeX\tex/generic/iftex\iftex.sty
Package: iftex 2022/02/03 v1.0f TeX engine tests
)
(C:\CTEX\MiKTeX\tex/generic/pdftexcmds\pdftexcmds.sty
Package: pdftexcmds 2020-06-27 v0.33 Utility functions of pdfTeX for LuaTeX (HO
)

(C:\CTEX\MiKTeX\tex/generic/infwarerr\infwarerr.sty
Package: infwarerr 2019/12/03 v1.5 Providing info/warning/error messages (HO)
)
Package pdftexcmds Info: \pdf@primitive is available.
Package pdftexcmds Info: \pdf@ifprimitive is available.
Package pdftexcmds Info: \pdfdraftmode not found.
)
(C:\CTEX\MiKTeX\tex/latex/graphics\keyval.sty
Package: keyval 2022/05/29 v1.15 key=value parser (DPC)
\KV@toks@=\toks23
)
(C:\CTEX\MiKTeX\tex/latex/kvsetkeys\kvsetkeys.sty
Package: kvsetkeys 2022-10-05 v1.19 Key value parser (HO)
)
(C:\CTEX\MiKTeX\tex/generic/kvdefinekeys\kvdefinekeys.sty
Package: kvdefinekeys 2019-12-19 v1.6 Define keys (HO)
)
(C:\CTEX\MiKTeX\tex/generic/pdfescape\pdfescape.sty
Package: pdfescape 2019/12/09 v1.15 Implements pdfTeX's escape features (HO)
)
(C:\CTEX\MiKTeX\tex/latex/hycolor\hycolor.sty
Package: hycolor 2020-01-27 v1.10 Color options for hyperref/bookmark (HO)
)
(C:\CTEX\MiKTeX\tex/latex/letltxmacro\letltxmacro.sty
Package: letltxmacro 2019/12/03 v1.6 Let assignment for LaTeX macros (HO)
)
(C:\CTEX\MiKTeX\tex/latex/auxhook\auxhook.sty
Package: auxhook 2019-12-17 v1.6 Hooks for auxiliary files (HO)
)
(C:\CTEX\MiKTeX\tex/latex/hyperref\nameref.sty
Package: nameref 2023-08-07 v2.53 Cross-referencing by name of section

(C:\CTEX\MiKTeX\tex/latex/refcount\refcount.sty
Package: refcount 2019/12/15 v3.6 Data extraction from label references (HO)
)
(C:\CTEX\MiKTeX\tex/generic/gettitlestring\gettitlestring.sty
Package: gettitlestring 2019/12/15 v1.6 Cleanup title references (HO)

(C:\CTEX\MiKTeX\tex/latex/kvoptions\kvoptions.sty
Package: kvoptions 2022-06-15 v3.15 Key value format for package options (HO)
))
\c@section@level=\count303
)
(C:\CTEX\MiKTeX\tex/latex/etoolbox\etoolbox.sty
Package: etoolbox 2020/10/05 v2.5k e-TeX tools for LaTeX (JAW)
\etb@tempcnta=\count304
)
\@linkdim=\dimen184
\Hy@linkcounter=\count305
\Hy@pagecounter=\count306

(C:\CTEX\MiKTeX\tex/latex/hyperref\pd1enc.def
File: pd1enc.def 2023-07-08 v7.01b Hyperref: PDFDocEncoding definition (HO)
)
(C:\CTEX\MiKTeX\tex/generic/intcalc\intcalc.sty
Package: intcalc 2019/12/15 v1.3 Expandable calculations with integers (HO)
)
\Hy@SavedSpaceFactor=\count307

(C:\CTEX\MiKTeX\tex/latex/hyperref\puenc.def
File: puenc.def 2023-07-08 v7.01b Hyperref: PDF Unicode definition (HO)
)
Package hyperref Info: Option `unicode' set `true' on input line 4050.
Package hyperref Info: Hyper figures OFF on input line 4167.
Package hyperref Info: Link nesting OFF on input line 4172.
Package hyperref Info: Hyper index ON on input line 4175.
Package hyperref Info: Plain pages OFF on input line 4182.
Package hyperref Info: Backreferencing OFF on input line 4187.
Package hyperref Info: Implicit mode ON; LaTeX internals redefined.
Package hyperref Info: Bookmarks ON on input line 4434.
\c@Hy@tempcnt=\count308

(C:\CTEX\MiKTeX\tex/latex/url\url.sty
\Urlmuskip=\muskip18
Package: url 2013/09/16  ver 3.4  Verb mode for urls, etc.
)
LaTeX Info: Redefining \url on input line 4772.
\XeTeXLinkMargin=\dimen185

(C:\CTEX\MiKTeX\tex/generic/bitset\bitset.sty
Package: bitset 2019/12/09 v1.3 Handle bit-vector datatype (HO)

(C:\CTEX\MiKTeX\tex/generic/bigintcalc\bigintcalc.sty
Package: bigintcalc 2019/12/15 v1.5 Expandable calculations on big integers (HO
)
))
\Fld@menulength=\count309
\Field@Width=\dimen186
\Fld@charsize=\dimen187
Package hyperref Info: Hyper figures OFF on input line 6051.
Package hyperref Info: Link nesting OFF on input line 6056.
Package hyperref Info: Hyper index ON on input line 6059.
Package hyperref Info: backreferencing OFF on input line 6066.
Package hyperref Info: Link coloring OFF on input line 6071.
Package hyperref Info: Link coloring with OCG OFF on input line 6076.
Package hyperref Info: PDF/A mode OFF on input line 6081.

(C:\CTEX\MiKTeX\tex/latex/base\atbegshi-ltx.sty
Package: atbegshi-ltx 2021/01/10 v1.0c Emulation of the original atbegshi
package with kernel methods
)
\Hy@abspage=\count310
\c@Item=\count311
\c@Hfootnote=\count312
)
Package hyperref Info: Driver (autodetected): hxetex.

(C:\CTEX\MiKTeX\tex/latex/hyperref\hxetex.def
File: hxetex.def 2023-07-08 v7.01b Hyperref driver for XeTeX

(C:\CTEX\MiKTeX\tex/generic/stringenc\stringenc.sty
Package: stringenc 2019/11/29 v1.12 Convert strings between diff. encodings (HO
)
)
\pdfm@box=\box57
\c@Hy@AnnotLevel=\count313
\HyField@AnnotCount=\count314
\Fld@listcount=\count315
\c@bookmark@seq@number=\count316

(C:\CTEX\MiKTeX\tex/latex/rerunfilecheck\rerunfilecheck.sty
Package: rerunfilecheck 2022-07-10 v1.10 Rerun checks for auxiliary files (HO)

(C:\CTEX\MiKTeX\tex/latex/base\atveryend-ltx.sty
Package: atveryend-ltx 2020/08/19 v1.0a Emulation of the original atveryend pac
kage
with kernel methods
)
(C:\CTEX\MiKTeX\tex/generic/uniquecounter\uniquecounter.sty
Package: uniquecounter 2019/12/15 v1.4 Provide unlimited unique counter (HO)
)
Package uniquecounter Info: New unique counter `rerunfilecheck' on input line 2
85.
)
\Hy@SectionHShift=\skip67
)
(C:\CTEX\MiKTeX\tex/latex/geometry\geometry.sty
Package: geometry 2020/01/02 v5.9 Page Geometry

(C:\CTEX\MiKTeX\tex/generic/iftex\ifvtex.sty
Package: ifvtex 2019/10/25 v1.7 ifvtex legacy package. Use iftex instead.
)
\Gm@cnth=\count317
\Gm@cntv=\count318
\c@Gm@tempcnt=\count319
\Gm@bindingoffset=\dimen188
\Gm@wd@mp=\dimen189
\Gm@odd@mp=\dimen190
\Gm@even@mp=\dimen191
\Gm@layoutwidth=\dimen192
\Gm@layoutheight=\dimen193
\Gm@layouthoffset=\dimen194
\Gm@layoutvoffset=\dimen195
\Gm@dimlist=\toks24

(C:\CTEX\MiKTeX\tex/latex/geometry\geometry.cfg))

Package ctexhook Warning: Package `ctex' can not be loaded with `ctexart'.

LaTeX Info: Package 'ctex.sty' has been disabled.
            Load request ignored on input line 81.
(C:\CTEX\MiKTeX\tex/latex/wasysym\wasysym.sty
Package: wasysym 2020/01/19 v2.4 Wasy-2 symbol support package
\symwasy=\mathgroup6
LaTeX Font Info:    Overwriting symbol font `wasy' in version `bold'
(Font)                  U/wasy/m/n --> U/wasy/b/n on input line 93.
)
(C:\CTEX\MiKTeX\tex/latex/caption\caption.sty
Package: caption 2023/07/31 v3.6n Customizing captions (AR)

(C:\CTEX\MiKTeX\tex/latex/caption\caption3.sty
Package: caption3 2023/07/31 v2.4d caption3 kernel (AR)
\caption@tempdima=\dimen196
\captionmargin=\dimen197
\caption@leftmargin=\dimen198
\caption@rightmargin=\dimen199
\caption@width=\dimen256
\caption@indent=\dimen257
\caption@parindent=\dimen258
\caption@hangindent=\dimen259
Package caption Info: Standard document class detected.
)
\c@caption@flags=\count320
\c@continuedfloat=\count321
Package caption Info: hyperref package is loaded.
)
(C:\CTEX\MiKTeX\tex/latex/tabularray\tabularray.sty
Package: tabularray 2023-03-01 v2023A Typeset tabulars and arrays with LaTeX3
\l__tblr_a_int=\count322
\l__tblr_c_int=\count323
\l__tblr_r_int=\count324
\l__tblr_d_dim=\dimen260
\l__tblr_h_dim=\dimen261
\l__tblr_o_dim=\dimen262
\l__tblr_p_dim=\dimen263
\l__tblr_q_dim=\dimen264
\l__tblr_r_dim=\dimen265
\l__tblr_s_dim=\dimen266
\l__tblr_t_dim=\dimen267
\l__tblr_v_dim=\dimen268
\l__tblr_w_dim=\dimen269
\l__tblr_a_box=\box58
\l__tblr_b_box=\box59
\l__tblr_c_box=\box60
\l__tblr_d_box=\box61
\g__tblr_table_count_int=\count325
\c@rownum=\count326
\c@colnum=\count327
\c@rowcount=\count328
\c@colcount=\count329
\abovesep=\dimen270
\belowsep=\dimen271
\leftsep=\dimen272
\rightsep=\dimen273
\g_tblr_level_int=\count330
\g__tblr_data_row_key_count_int=\count331
\g__tblr_data_column_key_count_int=\count332
\g__tblr_data_cell_key_count_int=\count333
\g__tblr_array_int=\count334
\l__tblr_key_count_int=\count335
\l__tblr_key_quotient_int=\count336
\l__tblr_key_quotient_two_int=\count337
\l__tblr_key_remainder_int=\count338
\g__tblr_data_str_value_count_int=\count339
\rulewidth=\dimen274
\l__tblr_strut_dp_dim=\dimen275
\l__tblr_strut_ht_dim=\dimen276
\g__tblr_cell_wd_dim=\dimen277
\g__tblr_cell_ht_dim=\dimen278
\g__tblr_cell_head_dim=\dimen279
\g__tblr_cell_foot_dim=\dimen280
\l__column_target_dim=\dimen281
\l__tblr_caption_box=\box62
\l__tblr_caption_left_box=\box63
\l__tblr_row_head_box=\box64
\l__tblr_row_foot_box=\box65
\l__tblr_row_head_foot_dim=\dimen282
\tablewidth=\dimen283
\l__tblr_table_firsthead_box=\box66
\l__tblr_table_middlehead_box=\box67
\l__tblr_table_lasthead_box=\box68
\l__tblr_table_firstfoot_box=\box69
\l__tblr_table_middlefoot_box=\box70
\l__tblr_table_lastfoot_box=\box71
\l__tblr_remain_height_dim=\dimen284
\l__tblr_long_from_int=\count340
\l__tblr_long_to_int=\count341
\l__tblr_curr_i_int=\count342
\l__tblr_prev_i_int=\count343
\l__tblr_table_page_int=\count344
\l__tblr_table_head_box=\box72
\l__tblr_table_foot_box=\box73
\l__tblr_table_head_foot_dim=\dimen285
\l__tblr_table_head_body_foot_dim=\dimen286
\l__tblr_table_box=\box74
\l__tblr_table_hlines_box=\box75
\l__tblr_hline_box=\box76
\l__tblr_row_box=\box77
\l__tblr_col_o_wd_dim=\dimen287
\l__tblr_col_b_wd_dim=\dimen288
\l__tblr_hline_leftskip_dim=\dimen289
\l__tblr_hline_rightskip_dim=\dimen290
\l__tblr_row_ht_dim=\dimen291
\l__tblr_row_dp_dim=\dimen292
\l__tblr_row_abovesep_dim=\dimen293
\l__tblr_row_belowsep_dim=\dimen294
\l__tblr_row_vlines_box=\box78
\l__tblr_vline_box=\box79
\l__tblr_cell_box=\box80
\l__row_upper_dim=\dimen295
\l__row_lower_dim=\dimen296
\l__row_vpace_dim=\dimen297
\l__tblr_vline_aboveskip_dim=\dimen298
\l__tblr_vline_belowskip_dim=\dimen299
\l__tblr_cell_wd_dim=\dimen300
\l__tblr_cell_ht_dim=\dimen301
\l__tblr_diag_box=\box81
)
(C:\CTEX\MiKTeX\tex/latex/booktabs\booktabs.sty
Package: booktabs 2020/01/12 v1.61803398 Publication quality tables
\heavyrulewidth=\dimen302
\lightrulewidth=\dimen303
\cmidrulewidth=\dimen304
\belowrulesep=\dimen305
\belowbottomsep=\dimen306
\aboverulesep=\dimen307
\abovetopsep=\dimen308
\cmidrulesep=\dimen309
\cmidrulekern=\dimen310
\defaultaddspace=\dimen311
\@cmidla=\count345
\@cmidlb=\count346
\@aboverulesep=\dimen312
\@belowrulesep=\dimen313
\@thisruleclass=\count347
\@lastruleclass=\count348
\@thisrulewidth=\dimen314
)
(C:\CTEX\MiKTeX\tex/latex/diagbox\diagbox.sty
Package: diagbox 2020/02/09 v2.3 Making table heads with diagonal lines

(C:\CTEX\MiKTeX\tex/latex/pict2e\pict2e.sty
Package: pict2e 2020/09/30 v0.4b Improved picture commands (HjG,RN,JT)

(C:\CTEX\MiKTeX\tex/latex/pict2e\pict2e.cfg
File: pict2e.cfg 2016/02/05 v0.1u pict2e configuration for teTeX/TeXLive
)
Package pict2e Info: Driver file: xetex.def on input line 112.

(C:\CTEX\MiKTeX\tex/latex/graphics-def\xetex.def
File: xetex.def 2022/09/22 v5.0n Graphics/color driver for xetex
)
Package pict2e Info: Driver file for pict2e: p2e-xetex.def on input line 114.

(C:\CTEX\MiKTeX\tex/latex/pict2e\p2e-xetex.def
File: p2e-xetex.def 2016/02/05 v0.1u Driver-dependant file (RN,HjG,JT)
)
(C:\CTEX\MiKTeX\tex/latex/graphics\trig.sty
Package: trig 2021/08/11 v1.11 sin cos tan (DPC)
)
\pIIe@GRAPH=\toks25
\@arclen=\dimen315
\@arcrad=\dimen316
\pIIe@tempdima=\dimen317
\pIIe@tempdimb=\dimen318
\pIIe@tempdimc=\dimen319
\pIIe@tempdimd=\dimen320
\pIIe@tempdime=\dimen321
\pIIe@tempdimf=\dimen322
)
(C:\CTEX\MiKTeX\tex/latex/tools\calc.sty
Package: calc 2017/05/25 v4.3 Infix arithmetic (KKT,FJ)
\calc@Acount=\count349
\calc@Bcount=\count350
\calc@Adimen=\dimen323
\calc@Bdimen=\dimen324
\calc@Askip=\skip68
\calc@Bskip=\skip69
LaTeX Info: Redefining \setlength on input line 80.
LaTeX Info: Redefining \addtolength on input line 81.
\calc@Ccount=\count351
\calc@Cskip=\skip70
)
(C:\CTEX\MiKTeX\tex/latex/tools\array.sty
Package: array 2022/09/04 v2.5g Tabular extension package (FMi)
\col@sep=\dimen325
\ar@mcellbox=\box82
\extrarowheight=\dimen326
\NC@list=\toks26
\extratabsurround=\skip71
\backup@length=\skip72
\ar@cellbox=\box83
)
\diagbox@boxa=\box84
\diagbox@boxb=\box85
\diagbox@boxm=\box86
\diagbox@wd=\dimen327
\diagbox@ht=\dimen328
\diagbox@insepl=\dimen329
\diagbox@insepr=\dimen330
\diagbox@outsepl=\dimen331
\diagbox@outsepr=\dimen332
)
(C:\CTEX\MiKTeX\tex/latex/verbatimbox\verbatimbox.sty
Package: verbatimbox 2023/08/08 v3.2\ Routines for placing verbatim text into b
oxes, useful in places where the verbatim environment is inaccessible. Secondar
ily, for adding vertical buffer around an object.

(C:\CTEX\MiKTeX\tex/latex/tools\verbatim.sty
Package: verbatim 2022-07-02 v1.5u LaTeX2e package for verbatim enhancements
\every@verbatim=\toks27
\verbatim@line=\toks28
\verbatim@in@stream=\read2
)
(C:\CTEX\MiKTeX\tex/latex/readarray\readarray.sty
Package: readarray 2021/09/17\ 3.1\ Routines for inputting 2D and 3D array data
 and recalling it on an element-by-element basis.

(C:\CTEX\MiKTeX\tex/latex/forloop\forloop.sty
Package: forloop 2023/05/03 v3.0 For Loops for LaTeX

(C:\CTEX\MiKTeX\tex/latex/base\ifthen.sty
Package: ifthen 2022/04/13 v1.1d Standard LaTeX ifthen package (DPC)
))
(C:\CTEX\MiKTeX\tex/latex/listofitems\listofitems.sty
(C:\CTEX\MiKTeX\tex/generic/listofitems\listofitems.tex
Invalid UTF-8 byte or sequence at line 50 replaced by U+FFFD.
Invalid UTF-8 byte or sequence at line 50 replaced by U+FFFD.
Invalid UTF-8 byte or sequence at line 52 replaced by U+FFFD.
Invalid UTF-8 byte or sequence at line 52 replaced by U+FFFD.
Invalid UTF-8 byte or sequence at line 52 replaced by U+FFFD.
Invalid UTF-8 byte or sequence at line 96 replaced by U+FFFD.
Invalid UTF-8 byte or sequence at line 96 replaced by U+FFFD.
Invalid UTF-8 byte or sequence at line 104 replaced by U+FFFD.
Invalid UTF-8 byte or sequence at line 105 replaced by U+FFFD.
\loi_cnt_foreach_nest=\count352
Invalid UTF-8 byte or sequence at line 139 replaced by U+FFFD.
Invalid UTF-8 byte or sequence at line 146 replaced by U+FFFD.
Invalid UTF-8 byte or sequence at line 192 replaced by U+FFFD.
Invalid UTF-8 byte or sequence at line 209 replaced by U+FFFD.
Invalid UTF-8 byte or sequence at line 209 replaced by U+FFFD.
Invalid UTF-8 byte or sequence at line 222 replaced by U+FFFD.
Invalid UTF-8 byte or sequence at line 222 replaced by U+FFFD.
Invalid UTF-8 byte or sequence at line 223 replaced by U+FFFD.
Invalid UTF-8 byte or sequence at line 223 replaced by U+FFFD.
Invalid UTF-8 byte or sequence at line 224 replaced by U+FFFD.
Invalid UTF-8 byte or sequence at line 226 replaced by U+FFFD.
Invalid UTF-8 byte or sequence at line 226 replaced by U+FFFD.
Invalid UTF-8 byte or sequence at line 238 replaced by U+FFFD.
Invalid UTF-8 byte or sequence at line 243 replaced by U+FFFD.
Invalid UTF-8 byte or sequence at line 243 replaced by U+FFFD.
Invalid UTF-8 byte or sequence at line 260 replaced by U+FFFD.
Invalid UTF-8 byte or sequence at line 284 replaced by U+FFFD.
Invalid UTF-8 byte or sequence at line 310 replaced by U+FFFD.
Invalid UTF-8 byte or sequence at line 310 replaced by U+FFFD.
Invalid UTF-8 byte or sequence at line 324 replaced by U+FFFD.
Invalid UTF-8 byte or sequence at line 337 replaced by U+FFFD.
Invalid UTF-8 byte or sequence at line 337 replaced by U+FFFD.
Invalid UTF-8 byte or sequence at line 339 replaced by U+FFFD.
Invalid UTF-8 byte or sequence at line 350 replaced by U+FFFD.
Invalid UTF-8 byte or sequence at line 350 replaced by U+FFFD.
Invalid UTF-8 byte or sequence at line 350 replaced by U+FFFD.
Invalid UTF-8 byte or sequence at line 354 replaced by U+FFFD.
\loi_nestcnt=\count353
Invalid UTF-8 byte or sequence at line 367 replaced by U+FFFD.
Invalid UTF-8 byte or sequence at line 367 replaced by U+FFFD.
Invalid UTF-8 byte or sequence at line 367 replaced by U+FFFD.
Invalid UTF-8 byte or sequence at line 367 replaced by U+FFFD.
Invalid UTF-8 byte or sequence at line 375 replaced by U+FFFD.
Invalid UTF-8 byte or sequence at line 375 replaced by U+FFFD.
Invalid UTF-8 byte or sequence at line 375 replaced by U+FFFD.
Invalid UTF-8 byte or sequence at line 375 replaced by U+FFFD.
Invalid UTF-8 byte or sequence at line 377 replaced by U+FFFD.
Invalid UTF-8 byte or sequence at line 378 replaced by U+FFFD.
Invalid UTF-8 byte or sequence at line 398 replaced by U+FFFD.
Invalid UTF-8 byte or sequence at line 398 replaced by U+FFFD.
Invalid UTF-8 byte or sequence at line 399 replaced by U+FFFD.
Invalid UTF-8 byte or sequence at line 399 replaced by U+FFFD.
Invalid UTF-8 byte or sequence at line 399 replaced by U+FFFD.
Invalid UTF-8 byte or sequence at line 399 replaced by U+FFFD.
Invalid UTF-8 byte or sequence at line 399 replaced by U+FFFD.
Invalid UTF-8 byte or sequence at line 399 replaced by U+FFFD.
Invalid UTF-8 byte or sequence at line 409 replaced by U+FFFD.
Invalid UTF-8 byte or sequence at line 410 replaced by U+FFFD.
Invalid UTF-8 byte or sequence at line 410 replaced by U+FFFD.
Invalid UTF-8 byte or sequence at line 410 replaced by U+FFFD.
Invalid UTF-8 byte or sequence at line 410 replaced by U+FFFD.
Invalid UTF-8 byte or sequence at line 411 replaced by U+FFFD.
Invalid UTF-8 byte or sequence at line 411 replaced by U+FFFD.
Invalid UTF-8 byte or sequence at line 411 replaced by U+FFFD.
Invalid UTF-8 byte or sequence at line 411 replaced by U+FFFD.
Invalid UTF-8 byte or sequence at line 411 replaced by U+FFFD.
Invalid UTF-8 byte or sequence at line 411 replaced by U+FFFD.
Invalid UTF-8 byte or sequence at line 414 replaced by U+FFFD.
Invalid UTF-8 byte or sequence at line 422 replaced by U+FFFD.
Invalid UTF-8 byte or sequence at line 422 replaced by U+FFFD.
Invalid UTF-8 byte or sequence at line 426 replaced by U+FFFD.
Invalid UTF-8 byte or sequence at line 428 replaced by U+FFFD.
Invalid UTF-8 byte or sequence at line 433 replaced by U+FFFD.
Invalid UTF-8 byte or sequence at line 433 replaced by U+FFFD.
Invalid UTF-8 byte or sequence at line 441 replaced by U+FFFD.
Invalid UTF-8 byte or sequence at line 441 replaced by U+FFFD.
Invalid UTF-8 byte or sequence at line 442 replaced by U+FFFD.
Invalid UTF-8 byte or sequence at line 443 replaced by U+FFFD.
Invalid UTF-8 byte or sequence at line 443 replaced by U+FFFD.
Invalid UTF-8 byte or sequence at line 443 replaced by U+FFFD.
Invalid UTF-8 byte or sequence at line 446 replaced by U+FFFD.
Invalid UTF-8 byte or sequence at line 446 replaced by U+FFFD.
Invalid UTF-8 byte or sequence at line 446 replaced by U+FFFD.
Invalid UTF-8 byte or sequence at line 448 replaced by U+FFFD.
Invalid UTF-8 byte or sequence at line 448 replaced by U+FFFD.
Invalid UTF-8 byte or sequence at line 451 replaced by U+FFFD.
Invalid UTF-8 byte or sequence at line 455 replaced by U+FFFD.
Invalid UTF-8 byte or sequence at line 455 replaced by U+FFFD.
Invalid UTF-8 byte or sequence at line 458 replaced by U+FFFD.
Invalid UTF-8 byte or sequence at line 458 replaced by U+FFFD.
Invalid UTF-8 byte or sequence at line 472 replaced by U+FFFD.
Invalid UTF-8 byte or sequence at line 475 replaced by U+FFFD.
Invalid UTF-8 byte or sequence at line 492 replaced by U+FFFD.
Invalid UTF-8 byte or sequence at line 508 replaced by U+FFFD.
Invalid UTF-8 byte or sequence at line 508 replaced by U+FFFD.
Invalid UTF-8 byte or sequence at line 509 replaced by U+FFFD.
Invalid UTF-8 byte or sequence at line 509 replaced by U+FFFD.
Invalid UTF-8 byte or sequence at line 519 replaced by U+FFFD.
Invalid UTF-8 byte or sequence at line 541 replaced by U+FFFD.
Invalid UTF-8 byte or sequence at line 541 replaced by U+FFFD.
)
Package: listofitems 2019/08/21 v1.63 Grab items in lists using user-specified 
sep char (CT)
)
\c@@index=\count354
\c@@plane=\count355
\c@@row=\count356
\c@@col=\count357
\c@use@args=\count358
\c@@record=\count359
\c@index@count=\count360
\Arg@toks=\toks29
\@arrayident@toks=\toks30
\rdar@file=\read3
\readarrayendlinechar=\count361

readarray: bounds checking OFF
)
\savedverbbox=\box87
\c@VerbboxLineNo=\count362
\boxtopsep=\dimen333
\boxbottomsep=\dimen334
\ps@tempdima=\dimen335
\ps@tempboxa=\box88
\boxtop@sep=\skip73
\boxbottom@sep=\skip74
) (C:\CTEX\MiKTeX\tex/latex/pdfpages\pdfpages.sty
Package: pdfpages 2022/12/19 v0.5x Insert pages of external PDF documents (AM)

(C:\CTEX\MiKTeX\tex/latex/eso-pic\eso-pic.sty
Package: eso-pic 2023/05/03 v3.0c eso-pic (RN)
\ESO@tempdima=\dimen336
\ESO@tempdimb=\dimen337

(C:\CTEX\MiKTeX\tex/latex/xcolor\xcolor.sty
Package: xcolor 2022/06/12 v2.14 LaTeX color extensions (UK)

(C:\CTEX\MiKTeX\tex/latex/graphics-cfg\color.cfg
File: color.cfg 2016/01/02 v1.6 sample color configuration
)
Package xcolor Info: Driver file: xetex.def on input line 227.

(C:\CTEX\MiKTeX\tex/latex/graphics\mathcolor.ltx)
Package xcolor Info: Model `cmy' substituted by `cmy0' on input line 1353.
Package xcolor Info: Model `RGB' extended on input line 1369.
Package xcolor Info: Model `HTML' substituted by `rgb' on input line 1371.
Package xcolor Info: Model `Hsb' substituted by `hsb' on input line 1372.
Package xcolor Info: Model `tHsb' substituted by `hsb' on input line 1373.
Package xcolor Info: Model `HSB' substituted by `hsb' on input line 1374.
Package xcolor Info: Model `Gray' substituted by `gray' on input line 1375.
Package xcolor Info: Model `wave' substituted by `hsb' on input line 1376.
))
(C:\CTEX\MiKTeX\tex/latex/graphics\graphicx.sty
Package: graphicx 2021/09/16 v1.2d Enhanced LaTeX Graphics (DPC,SPQR)

(C:\CTEX\MiKTeX\tex/latex/graphics\graphics.sty
Package: graphics 2022/03/10 v1.4e Standard LaTeX Graphics (DPC,SPQR)

(C:\CTEX\MiKTeX\tex/latex/graphics-cfg\graphics.cfg
File: graphics.cfg 2016/06/04 v1.11 sample graphics configuration
)
Package graphics Info: Driver file: xetex.def on input line 107.
)
\Gin@req@height=\dimen338
\Gin@req@width=\dimen339
)
\AM@pagewidth=\dimen340
\AM@pageheight=\dimen341
\AM@fboxrule=\dimen342

(C:\CTEX\MiKTeX\tex/latex/pdfpages\ppxetex.def
File: ppxetex.def 2022/12/19 v0.5x Pdfpages driver for XeTeX (AM)
)
\pdfpages@includegraphics@status=\count363
\AM@pagebox=\box89
\AM@global@opts=\toks31
\AM@pagecnt=\count364
\AM@toc@title=\toks32
\AM@lof@heading=\toks33
\c@AM@survey=\count365
\AM@templatesizebox=\box90
)
(C:\CTEX\MiKTeX\tex/latex/multirow\multirow.sty
Package: multirow 2021/03/15 v2.8 Span multiple rows of a table
\multirow@colwidth=\skip75
\multirow@cntb=\count366
\multirow@dima=\skip76
\bigstrutjot=\dimen343
)
(C:\CTEX\MiKTeX\tex/latex/tools\longtable.sty
Package: longtable 2021-09-01 v4.17 Multi-page Table package (DPC)
\LTleft=\skip77
\LTright=\skip78
\LTpre=\skip79
\LTpost=\skip80
\LTchunksize=\count367
\LTcapwidth=\dimen344
\LT@head=\box91
\LT@firsthead=\box92
\LT@foot=\box93
\LT@lastfoot=\box94
\LT@gbox=\box95
\LT@cols=\count368
\LT@rows=\count369
\c@LT@tables=\count370
\c@LT@chunks=\count371
\LT@p@ftn=\toks34
)
(C:\CTEX\MiKTeX\tex/latex/setspace\setspace.sty
Package: setspace 2022/12/04 v6.7b set line spacing
)
(C:\CTEX\MiKTeX\tex/latex/abstract\abstract.sty
Package: abstract 2009/06/08 v1.2a configurable abstracts
\abstitleskip=\skip81
\absleftindent=\skip82
\absrightindent=\skip83
\absparindent=\skip84
\absparsep=\skip85
)
(C:\CTEX\MiKTeX\tex/latex/float\float.sty
Package: float 2001/11/08 v1.3d Float enhancements (AL)
\c@float@type=\count372
\float@exts=\toks35
\float@box=\box96
\@float@everytoks=\toks36
\@floatcapt=\box97
)
(C:\CTEX\MiKTeX\tex/latex/subfig\subfig.sty
Package: subfig 2005/06/28 ver: 1.3 subfig package
\c@KVtest=\count373
\sf@farskip=\skip86
\sf@captopadj=\dimen345
\sf@capskip=\skip87
\sf@nearskip=\skip88
\c@subfigure=\count374
\c@subfigure@save=\count375
\c@lofdepth=\count376
\c@subtable=\count377
\c@subtable@save=\count378
\c@lotdepth=\count379
\sf@top=\skip89
\sf@bottom=\skip90
)
(C:\CTEX\MiKTeX\tex/latex/tools\indentfirst.sty
Package: indentfirst 1995/11/23 v1.03 Indent first paragraph (DPC)
)
(C:\CTEX\MiKTeX\tex/latex/appendix\appendix.sty
Package: appendix 2020/02/08 v1.2c extra appendix facilities
\c@@pps=\count380
\c@@ppsavesec=\count381
\c@@ppsaveapp=\count382
)
(C:\CTEX\MiKTeX\tex/latex/listings\listings.sty
\lst@mode=\count383
\lst@gtempboxa=\box98
\lst@token=\toks37
\lst@length=\count384
\lst@currlwidth=\dimen346
\lst@column=\count385
\lst@pos=\count386
\lst@lostspace=\dimen347
\lst@width=\dimen348
\lst@newlines=\count387
\lst@lineno=\count388
\lst@maxwidth=\dimen349

(C:\CTEX\MiKTeX\tex/latex/listings\lstmisc.sty
File: lstmisc.sty 2023/02/27 1.9 (Carsten Heinz)
\c@lstnumber=\count389
\lst@skipnumbers=\count390
\lst@framebox=\box99
)
(C:\CTEX\MiKTeX\tex/latex/listings\listings.cfg
File: listings.cfg 2023/02/27 1.9 listings configuration
))
Package: listings 2023/02/27 1.9 (Carsten Heinz)

(C:\CTEX\MiKTeX\tex/xelatex/xecjk\xeCJK-listings.sty
Package: xeCJK-listings 2022/08/05 v3.9.1 xeCJK patch file for listings
\l__xeCJK_listings_max_char_int=\count391
\l__xeCJK_listings_flag_int=\count392
)
(C:\CTEX\MiKTeX\tex/latex/matlab-prettifier\matlab-prettifier.sty
Package: matlab-prettifier 2014/06/19 v0.3 A package for prettyprinting Matlab 
source code

(C:\CTEX\MiKTeX\tex/latex/base\textcomp.sty
Package: textcomp 2020/02/02 v2.0n Standard LaTeX package
)
\netBracketCount@mlpr=\count393
\blkLvl@mlpr=\count394
\blkLvlAtClassdef@mlpr=\count395
\emHeight@mlpr=\skip91
\jayDepth@mlpr=\skip92
\sectionRuleOffset@mlpr=\skip93
\toks@mlpr=\toks38
)
(C:\CTEX\MiKTeX\tex/latex/mdframed\mdframed.sty
Package: mdframed 2013/07/01 1.9b: mdframed

(C:\CTEX\MiKTeX\tex/latex/zref\zref-abspage.sty
Package: zref-abspage 2023-09-14 v2.35 Module abspage for zref (HO)

(C:\CTEX\MiKTeX\tex/latex/zref\zref-base.sty
Package: zref-base 2023-09-14 v2.35 Module base for zref (HO)

(C:\CTEX\MiKTeX\tex/generic/etexcmds\etexcmds.sty
Package: etexcmds 2019/12/15 v1.7 Avoid name clashes with e-TeX commands (HO)
)
Package zref Info: New property list: main on input line 767.
Package zref Info: New property: default on input line 768.
Package zref Info: New property: page on input line 769.
)
\c@abspage=\count396
Package zref Info: New property: abspage on input line 67.
)
(C:\CTEX\MiKTeX\tex/latex/needspace\needspace.sty
Package: needspace 2010/09/12 v1.3d reserve vertical space
)
\mdf@templength=\skip94
\c@mdf@globalstyle@cnt=\count397
\mdf@skipabove@length=\skip95
\mdf@skipbelow@length=\skip96
\mdf@leftmargin@length=\skip97
\mdf@rightmargin@length=\skip98
\mdf@innerleftmargin@length=\skip99
\mdf@innerrightmargin@length=\skip100
\mdf@innertopmargin@length=\skip101
\mdf@innerbottommargin@length=\skip102
\mdf@splittopskip@length=\skip103
\mdf@splitbottomskip@length=\skip104
\mdf@outermargin@length=\skip105
\mdf@innermargin@length=\skip106
\mdf@linewidth@length=\skip107
\mdf@innerlinewidth@length=\skip108
\mdf@middlelinewidth@length=\skip109
\mdf@outerlinewidth@length=\skip110
\mdf@roundcorner@length=\skip111
\mdf@footenotedistance@length=\skip112
\mdf@userdefinedwidth@length=\skip113
\mdf@needspace@length=\skip114
\mdf@frametitleaboveskip@length=\skip115
\mdf@frametitlebelowskip@length=\skip116
\mdf@frametitlerulewidth@length=\skip117
\mdf@frametitleleftmargin@length=\skip118
\mdf@frametitlerightmargin@length=\skip119
\mdf@shadowsize@length=\skip120
\mdf@extratopheight@length=\skip121
\mdf@subtitleabovelinewidth@length=\skip122
\mdf@subtitlebelowlinewidth@length=\skip123
\mdf@subtitleaboveskip@length=\skip124
\mdf@subtitlebelowskip@length=\skip125
\mdf@subtitleinneraboveskip@length=\skip126
\mdf@subtitleinnerbelowskip@length=\skip127
\mdf@subsubtitleabovelinewidth@length=\skip128
\mdf@subsubtitlebelowlinewidth@length=\skip129
\mdf@subsubtitleaboveskip@length=\skip130
\mdf@subsubtitlebelowskip@length=\skip131
\mdf@subsubtitleinneraboveskip@length=\skip132
\mdf@subsubtitleinnerbelowskip@length=\skip133

(C:\CTEX\MiKTeX\tex/latex/mdframed\md-frame-0.mdf
File: md-frame-0.mdf 2013/07/01\ 1.9b: md-frame-0
)
\mdf@frametitlebox=\box100
\mdf@footnotebox=\box101
\mdf@splitbox@one=\box102
\mdf@splitbox@two=\box103
\mdf@splitbox@save=\box104
\mdfsplitboxwidth=\skip134
\mdfsplitboxtotalwidth=\skip135
\mdfsplitboxheight=\skip136
\mdfsplitboxdepth=\skip137
\mdfsplitboxtotalheight=\skip138
\mdfframetitleboxwidth=\skip139
\mdfframetitleboxtotalwidth=\skip140
\mdfframetitleboxheight=\skip141
\mdfframetitleboxdepth=\skip142
\mdfframetitleboxtotalheight=\skip143
\mdffootnoteboxwidth=\skip144
\mdffootnoteboxtotalwidth=\skip145
\mdffootnoteboxheight=\skip146
\mdffootnoteboxdepth=\skip147
\mdffootnoteboxtotalheight=\skip148
\mdftotallinewidth=\skip149
\mdfboundingboxwidth=\skip150
\mdfboundingboxtotalwidth=\skip151
\mdfboundingboxheight=\skip152
\mdfboundingboxdepth=\skip153
\mdfboundingboxtotalheight=\skip154
\mdf@freevspace@length=\skip155
\mdf@horizontalwidthofbox@length=\skip156
\mdf@verticalmarginwhole@length=\skip157
\mdf@horizontalspaceofbox=\skip158
\mdfsubtitleheight=\skip159
\mdfsubsubtitleheight=\skip160
\c@mdfcountframes=\count398

****** mdframed patching \endmdf@trivlist

****** -- success******

\mdf@envdepth=\count399
\c@mdf@env@i=\count400
\c@mdf@env@ii=\count401
\c@mdf@zref@counter=\count402
Package zref Info: New property: mdf@pagevalue on input line 895.
)
(C:\CTEX\MiKTeX\tex/latex/tcolorbox\tcolorbox.sty
Package: tcolorbox 2023/06/19 version 6.0.4 text color boxes

(C:\CTEX\MiKTeX\tex/latex/pgf/basiclayer\pgf.sty
(C:\CTEX\MiKTeX\tex/latex/pgf/utilities\pgfrcs.sty
(C:\CTEX\MiKTeX\tex/generic/pgf/utilities\pgfutil-common.tex
\pgfutil@everybye=\toks39
\pgfutil@tempdima=\dimen350
\pgfutil@tempdimb=\dimen351
)
(C:\CTEX\MiKTeX\tex/generic/pgf/utilities\pgfutil-latex.def
\pgfutil@abb=\box105
)
(C:\CTEX\MiKTeX\tex/generic/pgf/utilities\pgfrcs.code.tex
(C:\CTEX\MiKTeX\tex/generic/pgf\pgf.revision.tex)
Package: pgfrcs 2023-01-15 v3.1.10 (3.1.10)
))
Package: pgf 2023-01-15 v3.1.10 (3.1.10)

(C:\CTEX\MiKTeX\tex/latex/pgf/basiclayer\pgfcore.sty
(C:\CTEX\MiKTeX\tex/latex/pgf/systemlayer\pgfsys.sty
(C:\CTEX\MiKTeX\tex/generic/pgf/systemlayer\pgfsys.code.tex
Package: pgfsys 2023-01-15 v3.1.10 (3.1.10)

(C:\CTEX\MiKTeX\tex/generic/pgf/utilities\pgfkeys.code.tex
\pgfkeys@pathtoks=\toks40
\pgfkeys@temptoks=\toks41

(C:\CTEX\MiKTeX\tex/generic/pgf/utilities\pgfkeyslibraryfiltered.code.tex
\pgfkeys@tmptoks=\toks42
))
\pgf@x=\dimen352
\pgf@y=\dimen353
\pgf@xa=\dimen354
\pgf@ya=\dimen355
\pgf@xb=\dimen356
\pgf@yb=\dimen357
\pgf@xc=\dimen358
\pgf@yc=\dimen359
\pgf@xd=\dimen360
\pgf@yd=\dimen361
\w@pgf@writea=\write3
\r@pgf@reada=\read4
\c@pgf@counta=\count403
\c@pgf@countb=\count404
\c@pgf@countc=\count405
\c@pgf@countd=\count406
\t@pgf@toka=\toks43
\t@pgf@tokb=\toks44
\t@pgf@tokc=\toks45
\pgf@sys@id@count=\count407

(C:\CTEX\MiKTeX\tex/generic/pgf/systemlayer\pgf.cfg
File: pgf.cfg 2023-01-15 v3.1.10 (3.1.10)
)
Driver file for pgf: pgfsys-xetex.def

(C:\CTEX\MiKTeX\tex/generic/pgf/systemlayer\pgfsys-xetex.def
File: pgfsys-xetex.def 2023-01-15 v3.1.10 (3.1.10)

(C:\CTEX\MiKTeX\tex/generic/pgf/systemlayer\pgfsys-dvipdfmx.def
File: pgfsys-dvipdfmx.def 2023-01-15 v3.1.10 (3.1.10)

(C:\CTEX\MiKTeX\tex/generic/pgf/systemlayer\pgfsys-common-pdf.def
File: pgfsys-common-pdf.def 2023-01-15 v3.1.10 (3.1.10)
)
\pgfsys@objnum=\count408
)))
(C:\CTEX\MiKTeX\tex/generic/pgf/systemlayer\pgfsyssoftpath.code.tex
File: pgfsyssoftpath.code.tex 2023-01-15 v3.1.10 (3.1.10)
\pgfsyssoftpath@smallbuffer@items=\count409
\pgfsyssoftpath@bigbuffer@items=\count410
)
(C:\CTEX\MiKTeX\tex/generic/pgf/systemlayer\pgfsysprotocol.code.tex
File: pgfsysprotocol.code.tex 2023-01-15 v3.1.10 (3.1.10)
))
(C:\CTEX\MiKTeX\tex/generic/pgf/basiclayer\pgfcore.code.tex
Package: pgfcore 2023-01-15 v3.1.10 (3.1.10)

(C:\CTEX\MiKTeX\tex/generic/pgf/math\pgfmath.code.tex
(C:\CTEX\MiKTeX\tex/generic/pgf/math\pgfmathutil.code.tex)
(C:\CTEX\MiKTeX\tex/generic/pgf/math\pgfmathparser.code.tex
\pgfmath@dimen=\dimen362
\pgfmath@count=\count411
\pgfmath@box=\box106
\pgfmath@toks=\toks46
\pgfmath@stack@operand=\toks47
\pgfmath@stack@operation=\toks48
)
(C:\CTEX\MiKTeX\tex/generic/pgf/math\pgfmathfunctions.code.tex)
(C:\CTEX\MiKTeX\tex/generic/pgf/math\pgfmathfunctions.basic.code.tex)
(C:\CTEX\MiKTeX\tex/generic/pgf/math\pgfmathfunctions.trigonometric.code.tex)
(C:\CTEX\MiKTeX\tex/generic/pgf/math\pgfmathfunctions.random.code.tex)
(C:\CTEX\MiKTeX\tex/generic/pgf/math\pgfmathfunctions.comparison.code.tex)
(C:\CTEX\MiKTeX\tex/generic/pgf/math\pgfmathfunctions.base.code.tex)
(C:\CTEX\MiKTeX\tex/generic/pgf/math\pgfmathfunctions.round.code.tex)
(C:\CTEX\MiKTeX\tex/generic/pgf/math\pgfmathfunctions.misc.code.tex)
(C:\CTEX\MiKTeX\tex/generic/pgf/math\pgfmathfunctions.integerarithmetics.code.t
ex) (C:\CTEX\MiKTeX\tex/generic/pgf/math\pgfmathcalc.code.tex)
(C:\CTEX\MiKTeX\tex/generic/pgf/math\pgfmathfloat.code.tex
\c@pgfmathroundto@lastzeros=\count412
))
(C:\CTEX\MiKTeX\tex/generic/pgf/math\pgfint.code.tex)
(C:\CTEX\MiKTeX\tex/generic/pgf/basiclayer\pgfcorepoints.code.tex
File: pgfcorepoints.code.tex 2023-01-15 v3.1.10 (3.1.10)
\pgf@picminx=\dimen363
\pgf@picmaxx=\dimen364
\pgf@picminy=\dimen365
\pgf@picmaxy=\dimen366
\pgf@pathminx=\dimen367
\pgf@pathmaxx=\dimen368
\pgf@pathminy=\dimen369
\pgf@pathmaxy=\dimen370
\pgf@xx=\dimen371
\pgf@xy=\dimen372
\pgf@yx=\dimen373
\pgf@yy=\dimen374
\pgf@zx=\dimen375
\pgf@zy=\dimen376
)
(C:\CTEX\MiKTeX\tex/generic/pgf/basiclayer\pgfcorepathconstruct.code.tex
File: pgfcorepathconstruct.code.tex 2023-01-15 v3.1.10 (3.1.10)
\pgf@path@lastx=\dimen377
\pgf@path@lasty=\dimen378
)
(C:\CTEX\MiKTeX\tex/generic/pgf/basiclayer\pgfcorepathusage.code.tex
File: pgfcorepathusage.code.tex 2023-01-15 v3.1.10 (3.1.10)
\pgf@shorten@end@additional=\dimen379
\pgf@shorten@start@additional=\dimen380
)
(C:\CTEX\MiKTeX\tex/generic/pgf/basiclayer\pgfcorescopes.code.tex
File: pgfcorescopes.code.tex 2023-01-15 v3.1.10 (3.1.10)
\pgfpic=\box107
\pgf@hbox=\box108
\pgf@layerbox@main=\box109
\pgf@picture@serial@count=\count413
)
(C:\CTEX\MiKTeX\tex/generic/pgf/basiclayer\pgfcoregraphicstate.code.tex
File: pgfcoregraphicstate.code.tex 2023-01-15 v3.1.10 (3.1.10)
\pgflinewidth=\dimen381
)
(C:\CTEX\MiKTeX\tex/generic/pgf/basiclayer\pgfcoretransformations.code.tex
File: pgfcoretransformations.code.tex 2023-01-15 v3.1.10 (3.1.10)
\pgf@pt@x=\dimen382
\pgf@pt@y=\dimen383
\pgf@pt@temp=\dimen384
)
(C:\CTEX\MiKTeX\tex/generic/pgf/basiclayer\pgfcorequick.code.tex
File: pgfcorequick.code.tex 2023-01-15 v3.1.10 (3.1.10)
)
(C:\CTEX\MiKTeX\tex/generic/pgf/basiclayer\pgfcoreobjects.code.tex
File: pgfcoreobjects.code.tex 2023-01-15 v3.1.10 (3.1.10)
)
(C:\CTEX\MiKTeX\tex/generic/pgf/basiclayer\pgfcorepathprocessing.code.tex
File: pgfcorepathprocessing.code.tex 2023-01-15 v3.1.10 (3.1.10)
)
(C:\CTEX\MiKTeX\tex/generic/pgf/basiclayer\pgfcorearrows.code.tex
File: pgfcorearrows.code.tex 2023-01-15 v3.1.10 (3.1.10)
\pgfarrowsep=\dimen385
)
(C:\CTEX\MiKTeX\tex/generic/pgf/basiclayer\pgfcoreshade.code.tex
File: pgfcoreshade.code.tex 2023-01-15 v3.1.10 (3.1.10)
\pgf@max=\dimen386
\pgf@sys@shading@range@num=\count414
\pgf@shadingcount=\count415
)
(C:\CTEX\MiKTeX\tex/generic/pgf/basiclayer\pgfcoreimage.code.tex
File: pgfcoreimage.code.tex 2023-01-15 v3.1.10 (3.1.10)
)
(C:\CTEX\MiKTeX\tex/generic/pgf/basiclayer\pgfcoreexternal.code.tex
File: pgfcoreexternal.code.tex 2023-01-15 v3.1.10 (3.1.10)
\pgfexternal@startupbox=\box110
)
(C:\CTEX\MiKTeX\tex/generic/pgf/basiclayer\pgfcorelayers.code.tex
File: pgfcorelayers.code.tex 2023-01-15 v3.1.10 (3.1.10)
)
(C:\CTEX\MiKTeX\tex/generic/pgf/basiclayer\pgfcoretransparency.code.tex
File: pgfcoretransparency.code.tex 2023-01-15 v3.1.10 (3.1.10)
)
(C:\CTEX\MiKTeX\tex/generic/pgf/basiclayer\pgfcorepatterns.code.tex
File: pgfcorepatterns.code.tex 2023-01-15 v3.1.10 (3.1.10)
)
(C:\CTEX\MiKTeX\tex/generic/pgf/basiclayer\pgfcorerdf.code.tex
File: pgfcorerdf.code.tex 2023-01-15 v3.1.10 (3.1.10)
)))
(C:\CTEX\MiKTeX\tex/generic/pgf/modules\pgfmoduleshapes.code.tex
File: pgfmoduleshapes.code.tex 2023-01-15 v3.1.10 (3.1.10)
\pgfnodeparttextbox=\box111
)
(C:\CTEX\MiKTeX\tex/generic/pgf/modules\pgfmoduleplot.code.tex
File: pgfmoduleplot.code.tex 2023-01-15 v3.1.10 (3.1.10)
)
(C:\CTEX\MiKTeX\tex/latex/pgf/compatibility\pgfcomp-version-0-65.sty
Package: pgfcomp-version-0-65 2023-01-15 v3.1.10 (3.1.10)
\pgf@nodesepstart=\dimen387
\pgf@nodesepend=\dimen388
)
(C:\CTEX\MiKTeX\tex/latex/pgf/compatibility\pgfcomp-version-1-18.sty
Package: pgfcomp-version-1-18 2023-01-15 v3.1.10 (3.1.10)
))
(C:\CTEX\MiKTeX\tex/latex/environ\environ.sty
Package: environ 2014/05/04 v0.3 A new way to define environments

(C:\CTEX\MiKTeX\tex/latex/trimspaces\trimspaces.sty
Package: trimspaces 2009/09/17 v1.1 Trim spaces around a token list
))
\tcb@titlebox=\box112
\tcb@upperbox=\box113
\tcb@lowerbox=\box114
\tcb@phantombox=\box115
\c@tcbbreakpart=\count416
\c@tcblayer=\count417
\c@tcolorbox@number=\count418
\tcb@temp=\box116
\tcb@temp=\box117
\tcb@temp=\box118
\tcb@temp=\box119
)
(C:\CTEX\MiKTeX\tex/latex/tcolorbox\tcblistings.code.tex
Library (tcolorbox): 'tcblistings.code.tex' version '6.0.4'
(C:\CTEX\MiKTeX\tex/latex/tcolorbox\tcblistingscore.code.tex
Library (tcolorbox): 'tcblistingscore.code.tex' version '6.0.4'
(C:\CTEX\MiKTeX\tex/latex/tcolorbox\tcbprocessing.code.tex
Library (tcolorbox): 'tcbprocessing.code.tex' version '6.0.4'
(C:\CTEX\MiKTeX\tex/latex/tools\shellesc.sty
Package: shellesc 2023/04/15 v1.0d unified shell escape interface for LaTeX
Package shellesc Info: Restricted shell escape enabled on input line 77.
))
\c@tcblisting=\count419
))
(C:\CTEX\MiKTeX\tex/latex/tcolorbox\tcbskins.code.tex
Library (tcolorbox): 'tcbskins.code.tex' version '6.0.4'
(C:\CTEX\MiKTeX\tex/latex/pgf/frontendlayer\tikz.sty
(C:\CTEX\MiKTeX\tex/latex/pgf/utilities\pgffor.sty
(C:\CTEX\MiKTeX\tex/latex/pgf/utilities\pgfkeys.sty
(C:\CTEX\MiKTeX\tex/generic/pgf/utilities\pgfkeys.code.tex))
(C:\CTEX\MiKTeX\tex/latex/pgf/math\pgfmath.sty
(C:\CTEX\MiKTeX\tex/generic/pgf/math\pgfmath.code.tex))
(C:\CTEX\MiKTeX\tex/generic/pgf/utilities\pgffor.code.tex
Package: pgffor 2023-01-15 v3.1.10 (3.1.10)
\pgffor@iter=\dimen389
\pgffor@skip=\dimen390
\pgffor@stack=\toks49
\pgffor@toks=\toks50
))
(C:\CTEX\MiKTeX\tex/generic/pgf/frontendlayer/tikz\tikz.code.tex
Package: tikz 2023-01-15 v3.1.10 (3.1.10)

(C:\CTEX\MiKTeX\tex/generic/pgf/libraries\pgflibraryplothandlers.code.tex
File: pgflibraryplothandlers.code.tex 2023-01-15 v3.1.10 (3.1.10)
\pgf@plot@mark@count=\count420
\pgfplotmarksize=\dimen391
)
\tikz@lastx=\dimen392
\tikz@lasty=\dimen393
\tikz@lastxsaved=\dimen394
\tikz@lastysaved=\dimen395
\tikz@lastmovetox=\dimen396
\tikz@lastmovetoy=\dimen397
\tikzleveldistance=\dimen398
\tikzsiblingdistance=\dimen399
\tikz@figbox=\box120
\tikz@figbox@bg=\box121
\tikz@tempbox=\box122
\tikz@tempbox@bg=\box123
\tikztreelevel=\count421
\tikznumberofchildren=\count422
\tikznumberofcurrentchild=\count423
\tikz@fig@count=\count424

(C:\CTEX\MiKTeX\tex/generic/pgf/modules\pgfmodulematrix.code.tex
File: pgfmodulematrix.code.tex 2023-01-15 v3.1.10 (3.1.10)
\pgfmatrixcurrentrow=\count425
\pgfmatrixcurrentcolumn=\count426
\pgf@matrix@numberofcolumns=\count427
)
\tikz@expandcount=\count428

(C:\CTEX\MiKTeX\tex/generic/pgf/frontendlayer/tikz/libraries\tikzlibrarytopaths
.code.tex
File: tikzlibrarytopaths.code.tex 2023-01-15 v3.1.10 (3.1.10)
))) (C:\CTEX\MiKTeX\tex/latex/tikzfill\tikzfill.image.sty
Package: tikzfill.image 2023/08/08 v1.0.1 Image filling library for TikZ

(C:\CTEX\MiKTeX\tex/latex/tikzfill\tikzfill-common.sty
Package: tikzfill-common 2023/08/08 v1.0.1 Auxiliary code for tikzfill
)
(C:\CTEX\MiKTeX\tex/latex/tikzfill\tikzlibraryfill.image.code.tex
File: tikzlibraryfill.image.code.tex 2023/08/08 v1.0.1 Image filling library
\l__tikzfill_img_box=\box124
))
(C:\CTEX\MiKTeX\tex/latex/tcolorbox\tcbskinsjigsaw.code.tex
Library (tcolorbox): 'tcbskinsjigsaw.code.tex' version '6.0.4'
))

LaTeX Warning: Unused global option(s):
    [utf8].

(国赛.aux

LaTeX Warning: Label `fig:1' multiply defined.

)
\openout1 = `国赛.aux'.

LaTeX Font Info:    Checking defaults for OML/cmm/m/it on input line 190.
LaTeX Font Info:    ... okay on input line 190.
LaTeX Font Info:    Checking defaults for OMS/cmsy/m/n on input line 190.
LaTeX Font Info:    ... okay on input line 190.
LaTeX Font Info:    Checking defaults for OT1/cmr/m/n on input line 190.
LaTeX Font Info:    ... okay on input line 190.
LaTeX Font Info:    Checking defaults for T1/cmr/m/n on input line 190.
LaTeX Font Info:    ... okay on input line 190.
LaTeX Font Info:    Checking defaults for TS1/cmr/m/n on input line 190.
LaTeX Font Info:    ... okay on input line 190.
LaTeX Font Info:    Checking defaults for TU/lmr/m/n on input line 190.
LaTeX Font Info:    ... okay on input line 190.
LaTeX Font Info:    Checking defaults for OMX/cmex/m/n on input line 190.
LaTeX Font Info:    ... okay on input line 190.
LaTeX Font Info:    Checking defaults for U/cmr/m/n on input line 190.
LaTeX Font Info:    ... okay on input line 190.
LaTeX Font Info:    Checking defaults for PD1/pdf/m/n on input line 190.
LaTeX Font Info:    ... okay on input line 190.
LaTeX Font Info:    Checking defaults for PU/pdf/m/n on input line 190.
LaTeX Font Info:    ... okay on input line 190.

Package fontspec Info: Adjusting the maths setup (use [no-math] to avoid
(fontspec)             this).

\symlegacymaths=\mathgroup7
LaTeX Font Info:    Overwriting symbol font `legacymaths' in version `bold'
(Font)                  OT1/cmr/m/n --> OT1/cmr/bx/n on input line 190.
LaTeX Font Info:    Redeclaring math accent \acute on input line 190.
LaTeX Font Info:    Redeclaring math accent \grave on input line 190.
LaTeX Font Info:    Redeclaring math accent \ddot on input line 190.
LaTeX Font Info:    Redeclaring math accent \tilde on input line 190.
LaTeX Font Info:    Redeclaring math accent \bar on input line 190.
LaTeX Font Info:    Redeclaring math accent \breve on input line 190.
LaTeX Font Info:    Redeclaring math accent \check on input line 190.
LaTeX Font Info:    Redeclaring math accent \hat on input line 190.
LaTeX Font Info:    Redeclaring math accent \dot on input line 190.
LaTeX Font Info:    Redeclaring math accent \mathring on input line 190.
LaTeX Font Info:    Redeclaring math symbol \Gamma on input line 190.
LaTeX Font Info:    Redeclaring math symbol \Delta on input line 190.
LaTeX Font Info:    Redeclaring math symbol \Theta on input line 190.
LaTeX Font Info:    Redeclaring math symbol \Lambda on input line 190.
LaTeX Font Info:    Redeclaring math symbol \Xi on input line 190.
LaTeX Font Info:    Redeclaring math symbol \Pi on input line 190.
LaTeX Font Info:    Redeclaring math symbol \Sigma on input line 190.
LaTeX Font Info:    Redeclaring math symbol \Upsilon on input line 190.
LaTeX Font Info:    Redeclaring math symbol \Phi on input line 190.
LaTeX Font Info:    Redeclaring math symbol \Psi on input line 190.
LaTeX Font Info:    Redeclaring math symbol \Omega on input line 190.
LaTeX Font Info:    Redeclaring math symbol \mathdollar on input line 190.
LaTeX Font Info:    Redeclaring symbol font `operators' on input line 190.
LaTeX Font Info:    Encoding `OT1' has changed to `TU' for symbol font
(Font)              `operators' in the math version `normal' on input line 190.

LaTeX Font Info:    Overwriting symbol font `operators' in version `normal'
(Font)                  OT1/cmr/m/n --> TU/lmr/m/n on input line 190.
LaTeX Font Info:    Encoding `OT1' has changed to `TU' for symbol font
(Font)              `operators' in the math version `bold' on input line 190.
LaTeX Font Info:    Overwriting symbol font `operators' in version `bold'
(Font)                  OT1/cmr/bx/n --> TU/lmr/m/n on input line 190.
LaTeX Font Info:    Overwriting symbol font `operators' in version `normal'
(Font)                  TU/lmr/m/n --> TU/lmr/m/n on input line 190.
LaTeX Font Info:    Overwriting math alphabet `\mathit' in version `normal'
(Font)                  OT1/cmr/m/it --> TU/lmr/m/it on input line 190.
LaTeX Font Info:    Overwriting math alphabet `\mathbf' in version `normal'
(Font)                  OT1/cmr/bx/n --> TU/lmr/b/n on input line 190.
LaTeX Font Info:    Overwriting math alphabet `\mathsf' in version `normal'
(Font)                  OT1/cmss/m/n --> TU/lmss/m/n on input line 190.
LaTeX Font Info:    Overwriting math alphabet `\mathtt' in version `normal'
(Font)                  OT1/cmtt/m/n --> TU/lmtt/m/n on input line 190.
LaTeX Font Info:    Overwriting symbol font `operators' in version `bold'
(Font)                  TU/lmr/m/n --> TU/lmr/b/n on input line 190.
LaTeX Font Info:    Overwriting math alphabet `\mathit' in version `bold'
(Font)                  OT1/cmr/bx/it --> TU/lmr/b/it on input line 190.
LaTeX Font Info:    Overwriting math alphabet `\mathsf' in version `bold'
(Font)                  OT1/cmss/bx/n --> TU/lmss/b/n on input line 190.
LaTeX Font Info:    Overwriting math alphabet `\mathtt' in version `bold'
(Font)                  OT1/cmtt/m/n --> TU/lmtt/b/n on input line 190.
Package hyperref Info: Link coloring OFF on input line 190.
 (国赛.out) (国赛.out)
\@outlinefile=\write4
\openout4 = `国赛.out'.


*geometry* driver: auto-detecting
*geometry* detected driver: xetex
*geometry* verbose mode - [ preamble ] result:
* driver: xetex
* paper: <default>
* layout: <same size as paper>
* layoutoffset:(h,v)=(0.0pt,0.0pt)
* modes: 
* h-part:(L,W,R)=(71.13188pt, 472.03123pt, 71.13188pt)
* v-part:(T,H,B)=(71.13188pt, 652.70622pt, 71.13188pt)
* \paperwidth=614.295pt
* \paperheight=794.96999pt
* \textwidth=472.03123pt
* \textheight=652.70622pt
* \oddsidemargin=-1.1381pt
* \evensidemargin=-1.1381pt
* \topmargin=-38.1381pt
* \headheight=12.0pt
* \headsep=25.0pt
* \topskip=12.0pt
* \footskip=30.0pt
* \marginparwidth=44.0pt
* \marginparsep=10.0pt
* \columnsep=10.0pt
* \skip\footins=10.8pt plus 4.0pt minus 2.0pt
* \hoffset=0.0pt
* \voffset=0.0pt
* \mag=1000
* \@twocolumnfalse
* \@twosidefalse
* \@mparswitchfalse
* \@reversemarginfalse
* (1in=72.27pt=25.4mm, 1cm=28.453pt)

Package caption Info: Begin \AtBeginDocument code.
Package caption Info: subfig package v1.3 is loaded.
Package caption Info: float package is loaded.
Package caption Info: listings package is loaded.
Package caption Info: longtable package is loaded.
(C:\CTEX\MiKTeX\tex/latex/caption\ltcaption.sty
Package: ltcaption 2021/01/08 v1.4c longtable captions (AR)
)
Package caption Info: End \AtBeginDocument code.

(C:\CTEX\MiKTeX\tex/latex/ninecolors\ninecolors.sty
Package: ninecolors 2022-02-13 v2022D Select colors with proper color contrast
)
(C:\CTEX\MiKTeX\tex/latex/pdflscape\pdflscape.sty
Package: pdflscape 2022-10-27 v0.13 Display of landscape pages in PDF

(C:\CTEX\MiKTeX\tex/latex/pdflscape\pdflscape-nometadata.sty
Package: pdflscape-nometadata 2022-10-28 v0.13 Display of landscape pages in PD
F (HO)

(C:\CTEX\MiKTeX\tex/latex/graphics\lscape.sty
Package: lscape 2020/05/28 v3.02 Landscape Pages (DPC)
)
Package pdflscape Info: Auto-detected driver: dvipdfm (xetex) on input line 98.

))
\c@lstlisting=\count429

Package fontspec Info: Could not resolve font "SimHei/BI" (it probably doesn't
(fontspec)             exist).


Package fontspec Info: Could not resolve font "SimHei/B" (it probably doesn't
(fontspec)             exist).


Package fontspec Info: Could not resolve font "SimHei/I" (it probably doesn't
(fontspec)             exist).


Package fontspec Info: Font family 'SimHei(0)' created for font 'SimHei' with
(fontspec)             options [Script={CJK}].
(fontspec)              
(fontspec)              This font family consists of the following NFSS
(fontspec)             series/shapes:
(fontspec)              
(fontspec)             - 'normal' (m/n) with NFSS spec.:
(fontspec)             <->"SimHei/OT:script=hani;language=dflt;"
(fontspec)             - 'small caps'  (m/sc) with NFSS spec.: 



LaTeX Font Warning: Font shape `TU/SimHei(0)/b/n' undefined
(Font)              using `TU/SimHei(0)/m/n' instead on input line 193.

LaTeX Font Info:    Trying to load font information for U+wasy on input line 19
3.
(C:\CTEX\MiKTeX\tex/latex/wasysym\uwasy.fd
File: uwasy.fd 2020/01/19 v2.4 Wasy-2 symbol font definitions
) [1

] [2]
Missing character: There is no 编 in font [lmroman12-regular]:mapping=tex-text;!
Missing character: There is no 写 in font [lmroman12-regular]:mapping=tex-text;!
[3]
File: 聚类1.png Graphic file (type bmp)
<聚类1.png>
File: 花叶类销售量.png Graphic file (type bmp)
<花叶类销售量.png>
File: 花菜类销售量.png Graphic file (type bmp)
<花菜类销售量.png>
File: 茄类销售量.png Graphic file (type bmp)
<茄类销售量.png>
File: 辣椒类销售量.png Graphic file (type bmp)
<辣椒类销售量.png>
File: 水生根茎类销售量.png Graphic file (type bmp)
<水生根茎类销售量.png>
File: 食用菌销售量.png Graphic file (type bmp)
<食用菌销售量.png>
 [4]
File: 时间-花叶.png Graphic file (type bmp)
<时间-花叶.png>
 [5] [6] [7] [8]
Underfull \hbox (badness 1019) in paragraph at lines 530--531
[]\TU/SimSun(0)/m/n/12 王 艳\TU/lmr/m/n/12 . \TU/SimSun(0)/m/n/12 中 小 型 连 锁 超 市 定
 价 的 影 响 因 素 及 其 定 价 策 略 探 析 \TU/lmr/m/n/12 [J]. \TU/SimSun(0)/m/n/12 兰 州 工 业 学
 院 学
 []

[9]
File: 聚类1.png Graphic file (type bmp)
<聚类1.png>
 (C:\CTEX\MiKTeX\tex/latex/listings\lstlang1.sty
File: lstlang1.sty 2023/02/27 1.9 listings language file
)

Package fontspec Info: Could not resolve font "FangSong/BI" (it probably
(fontspec)             doesn't exist).


Package fontspec Info: Could not resolve font "FangSong/B" (it probably
(fontspec)             doesn't exist).


Package fontspec Info: Could not resolve font "FangSong/I" (it probably
(fontspec)             doesn't exist).


Package fontspec Info: Font family 'FangSong(0)' created for font 'FangSong'
(fontspec)             with options [Script={CJK}].
(fontspec)              
(fontspec)              This font family consists of the following NFSS
(fontspec)             series/shapes:
(fontspec)              
(fontspec)             - 'normal' (m/n) with NFSS spec.:
(fontspec)             <->"FangSong/OT:script=hani;language=dflt;"
(fontspec)             - 'small caps'  (m/sc) with NFSS spec.: 


(C:\CTEX\MiKTeX\tex/latex/listings\lstlang1.sty
File: lstlang1.sty 2023/02/27 1.9 listings language file
) [10] [11] (国赛.aux)
 ***********
LaTeX2e <2023-06-01> patch level 1
L3 programming layer <2022/08/05>
 ***********


LaTeX Font Warning: Some font shapes were not available, defaults substituted.


LaTeX Warning: There were multiply-defined labels.

Package rerunfilecheck Info: File `国赛.out' has not changed.
(rerunfilecheck)             Checksum: 8771E393E847610E586DB99CE78238FF;2832.
 ) 
Here is how much of TeX's memory you used:
 39900 strings out of 410633
 847465 string characters out of 5798141
 2035879 words of memory out of 5000000
 60372 multiletter control sequences out of 15000+600000
 569000 words of font info for 119 fonts, out of 8000000 for 9000
 1348 hyphenation exceptions out of 8191
 93i,18n,97p,468b,1907s stack positions out of 10000i,1000n,20000p,200000b,200000s

Output written on 国赛.pdf (11 pages).
